<?xml version="1.0" encoding="UTF-8"?>
<!-- Generated by org.testng.reporters.JUnitReportReporter -->
<testsuite skipped="0" hostname="RC3IT" name="org.test.TestNg" tests="1" failures="0" timestamp="11 Jan 2023 04:43:31 GMT" time="6.976" errors="0">
  <testcase name="tc1" time="6.976" classname="org.test.TestNg"/>
</testsuite> <!-- org.test.TestNg -->
